# JRE version: Java(TM) SE Runtime Environment (20.0.2+9) (build 20.0.2+9-78)
# Java VM: Java HotSpot(TM) 64-Bit Server VM (20.0.2+9-78, mixed mode, sharing, tiered, compressed oops, compressed class ptrs, g1 gc, windows-amd64)
GC Precious Log:
 CardTable entry size: 512
 Card Set container configuration: InlinePtr #cards 4 size 8 Array Of Cards #cards 16 size 48 Howl #buckets 8 coarsen threshold 3686 Howl Bitmap #cards 512 size 80 coarsen threshold 460 Card regions per heap region 1 cards per card region 4096
 CPUs: 8 total, 8 available
 Memory: 16254M
 Large Page Support: Disabled
 NUMA Support: Disabled
 Compressed Oops: Enabled (Zero based)
 Heap Region Size: 2M
 Heap Min Capacity: 8M
 Heap Initial Capacity: 254M
 Heap Max Capacity: 4064M
 Pre-touch: Disabled
 Parallel Workers: 8
 Concurrent Workers: 2
 Concurrent Refinement Workers: 8
 Periodic GC: Disabled
Heap:
 garbage-first heap   total 126976K, used 87773K [0x0000000702000000, 0x0000000800000000)
  region size 2048K, 17 young (34816K), 1 survivors (2048K)
 Metaspace       used 35786K, committed 36352K, reserved 1114112K
  class space    used 4019K, committed 4288K, reserved 1048576K
GC Heap History (16 events):
Event: 0.965 GC heap before
{Heap before GC invocations=0 (full 0):
 garbage-first heap   total 260096K, used 20480K [0x0000000702000000, 0x0000000800000000)
  region size 2048K, 11 young (22528K), 0 survivors (0K)
 Metaspace       used 4689K, committed 4864K, reserved 1114112K
  class space    used 509K, committed 576K, reserved 1048576K
}
Event: 0.970 GC heap after
{Heap after GC invocations=1 (full 0):
 garbage-first heap   total 260096K, used 3607K [0x0000000702000000, 0x0000000800000000)
  region size 2048K, 2 young (4096K), 2 survivors (4096K)
 Metaspace       used 4689K, committed 4864K, reserved 1114112K
  class space    used 509K, committed 576K, reserved 1048576K
}
Event: 2.273 GC heap before
{Heap before GC invocations=1 (full 0):
 garbage-first heap   total 260096K, used 38423K [0x0000000702000000, 0x0000000800000000)
  region size 2048K, 19 young (38912K), 2 survivors (4096K)
 Metaspace       used 8569K, committed 8768K, reserved 1114112K
  class space    used 990K, committed 1088K, reserved 1048576K
}
Event: 2.279 GC heap after
{Heap after GC invocations=2 (full 0):
 garbage-first heap   total 260096K, used 5047K [0x0000000702000000, 0x0000000800000000)
  region size 2048K, 1 young (2048K), 1 survivors (2048K)
 Metaspace       used 8569K, committed 8768K, reserved 1114112K
  class space    used 990K, committed 1088K, reserved 1048576K
}
Event: 6.834 GC heap before
{Heap before GC invocations=2 (full 0):
 garbage-first heap   total 260096K, used 158647K [0x0000000702000000, 0x0000000800000000)
  region size 2048K, 76 young (155648K), 1 survivors (2048K)
 Metaspace       used 17596K, committed 17920K, reserved 1114112K
  class space    used 1980K, committed 2112K, reserved 1048576K
}
Event: 6.850 GC heap after
{Heap after GC invocations=3 (full 0):
 garbage-first heap   total 260096K, used 16232K [0x0000000702000000, 0x0000000800000000)
  region size 2048K, 7 young (14336K), 7 survivors (14336K)
 Metaspace       used 17596K, committed 17920K, reserved 1114112K
  class space    used 1980K, committed 2112K, reserved 1048576K
}
Event: 7.674 GC heap before
{Heap before GC invocations=3 (full 0):
 garbage-first heap   total 260096K, used 53096K [0x0000000702000000, 0x0000000800000000)
  region size 2048K, 25 young (51200K), 7 survivors (14336K)
 Metaspace       used 21170K, committed 21504K, reserved 1114112K
  class space    used 2356K, committed 2560K, reserved 1048576K
}
Event: 7.689 GC heap after
{Heap after GC invocations=4 (full 0):
 garbage-first heap   total 260096K, used 26161K [0x0000000702000000, 0x0000000800000000)
  region size 2048K, 3 young (6144K), 3 survivors (6144K)
 Metaspace       used 21170K, committed 21504K, reserved 1114112K
  class space    used 2356K, committed 2560K, reserved 1048576K
}
Event: 9.718 GC heap before
{Heap before GC invocations=5 (full 0):
 garbage-first heap   total 96256K, used 95793K [0x0000000702000000, 0x0000000800000000)
  region size 2048K, 37 young (75776K), 3 survivors (6144K)
 Metaspace       used 27864K, committed 28224K, reserved 1114112K
  class space    used 3148K, committed 3328K, reserved 1048576K
}
Event: 9.739 GC heap after
{Heap after GC invocations=6 (full 0):
 garbage-first heap   total 120832K, used 42021K [0x0000000702000000, 0x0000000800000000)
  region size 2048K, 10 young (20480K), 10 survivors (20480K)
 Metaspace       used 27864K, committed 28224K, reserved 1114112K
  class space    used 3148K, committed 3328K, reserved 1048576K
}
Event: 11.075 GC heap before
{Heap before GC invocations=6 (full 0):
 garbage-first heap   total 120832K, used 93221K [0x0000000702000000, 0x0000000800000000)
  region size 2048K, 34 young (69632K), 10 survivors (20480K)
 Metaspace       used 30710K, committed 31168K, reserved 1114112K
  class space    used 3505K, committed 3712K, reserved 1048576K
}
Event: 11.088 GC heap after
{Heap after GC invocations=7 (full 0):
 garbage-first heap   total 120832K, used 38078K [0x0000000702000000, 0x0000000800000000)
  region size 2048K, 3 young (6144K), 3 survivors (6144K)
 Metaspace       used 30710K, committed 31168K, reserved 1114112K
  class space    used 3505K, committed 3712K, reserved 1048576K
}
Event: 11.832 GC heap before
{Heap before GC invocations=7 (full 0):
 garbage-first heap   total 120832K, used 95422K [0x0000000702000000, 0x0000000800000000)
  region size 2048K, 31 young (63488K), 3 survivors (6144K)
 Metaspace       used 30867K, committed 31424K, reserved 1114112K
  class space    used 3512K, committed 3776K, reserved 1048576K
}
Event: 11.867 GC heap after
{Heap after GC invocations=8 (full 0):
 garbage-first heap   total 126976K, used 62169K [0x0000000702000000, 0x0000000800000000)
  region size 2048K, 4 young (8192K), 4 survivors (8192K)
 Metaspace       used 30867K, committed 31424K, reserved 1114112K
  class space    used 3512K, committed 3776K, reserved 1048576K
}
Event: 12.974 GC heap before
{Heap before GC invocations=8 (full 0):
 garbage-first heap   total 126976K, used 101081K [0x0000000702000000, 0x0000000800000000)
  region size 2048K, 23 young (47104K), 4 survivors (8192K)
 Metaspace       used 32231K, committed 32704K, reserved 1114112K
  class space    used 3670K, committed 3904K, reserved 1048576K
}
Event: 12.982 GC heap after
{Heap after GC invocations=9 (full 0):
 garbage-first heap   total 126976K, used 57053K [0x0000000702000000, 0x0000000800000000)
  region size 2048K, 1 young (2048K), 1 survivors (2048K)
 Metaspace       used 32231K, committed 32704K, reserved 1114112K
  class space    used 3670K, committed 3904K, reserved 1048576K
}

